2026-01-19 18:48:07 - Starting ResloveitbackendApplication using Java 21.0.7 with PID 6824 (D:\D\SpringBootProjects\Resolveit_Project\Backend\resolveitbackend\target\classes started by Ayaka in D:\D\SpringBootProjects\Resolveit_Project)
2026-01-19 18:48:07 - Running with Spring Boot v3.3.4, Spring v6.1.13
2026-01-19 18:48:07 - No active profile set, falling back to 1 default profile: "default"
2026-01-19 18:48:07 - Devtools property defaults active! Set 'spring.devtools.add-properties' to 'false' to disable
2026-01-19 18:48:07 - For additional web related logging consider setting the 'logging.level.web' property to 'DEBUG'
2026-01-19 18:48:10 - Bootstrapping Spring Data JPA repositories in DEFAULT mode.
2026-01-19 18:48:10 - Finished Spring Data repository scanning in 112 ms. Found 7 JPA repository interfaces.
2026-01-19 18:48:12 - Tomcat initialized with port 8080 (http)
2026-01-19 18:48:12 - Starting service [Tomcat]
2026-01-19 18:48:12 - Starting Servlet engine: [Apache Tomcat/10.1.30]
2026-01-19 18:48:12 - Initializing Spring embedded WebApplicationContext
2026-01-19 18:48:12 - Root WebApplicationContext: initialization completed in 4467 ms
2026-01-19 18:48:12 - HHH000204: Processing PersistenceUnitInfo [name: default]
2026-01-19 18:48:12 - HHH000412: Hibernate ORM core version 6.5.3.Final
2026-01-19 18:48:12 - HHH000026: Second-level cache disabled
2026-01-19 18:48:13 - No LoadTimeWeaver setup: ignoring JPA class transformer
2026-01-19 18:48:13 - HikariPool-1 - Starting...
2026-01-19 18:48:13 - HikariPool-1 - Added connection com.mysql.cj.jdbc.ConnectionImpl@2ebef933
2026-01-19 18:48:13 - HikariPool-1 - Start completed.
2026-01-19 18:48:14 - HHH90000025: MySQL8Dialect does not need to be specified explicitly using 'hibernate.dialect' (remove the property setting and it will be selected by default)
2026-01-19 18:48:14 - HHH90000026: MySQL8Dialect has been deprecated; use org.hibernate.dialect.MySQLDialect instead
2026-01-19 18:48:16 - HHH000489: No JTA platform available (set 'hibernate.transaction.jta.platform' to enable JTA platform integration)
2026-01-19 18:48:17 - Initialized JPA EntityManagerFactory for persistence unit 'default'
2026-01-19 18:48:18 - Filter 'jwtAuthFilter' configured for use
2026-01-19 18:48:18 - spring.jpa.open-in-view is enabled by default. Therefore, database queries may be performed during view rendering. Explicitly configure spring.jpa.open-in-view to disable this warning
2026-01-19 18:48:19 - LiveReload server is running on port 35729
2026-01-19 18:48:19 - Tomcat started on port 8080 (http) with context path '/'
2026-01-19 18:48:19 - Started ResloveitbackendApplication in 12.467 seconds (process running for 13.164)
2026-01-19 18:49:50 - Initializing Spring DispatcherServlet 'dispatcherServlet'
2026-01-19 18:49:50 - Initializing Servlet 'dispatcherServlet'
2026-01-19 18:49:50 - Completed initialization in 1 ms
2026-01-19 18:50:55 - Sent email to athrv3006@gmail.com subject=Officer Approved
2026-01-19 18:51:38 - Sent status update email to naruhina3010@gmail.com referenceNumber=GRV-20260106-50654 status=ASSIGNED
2026-01-19 18:51:38 - Sent email to athrv3006@gmail.com subject=New Assignment: GRV-20260106-50654
2026-01-19 19:20:39 - HHH100503: On release of batch it still contained JDBC statements
2026-01-19 19:20:39 - HHH100501: Exception executing batch [java.sql.BatchUpdateException: Data truncated for column 'status' at row 1], SQL: update complaints set assigned_department=?,assigned_to=?,category=?,description=?,escalated=?,escalated_at=?,escalation_level=?,escalation_reason=?,is_anonymous=?,last_updated_at=?,last_updated_by=?,priority=?,reference_number=?,status=?,submitted_at=?,submitted_by=?,title=?,user_id=? where id=?
2026-01-19 19:20:39 - SQL Error: 1265, SQLState: 01000
2026-01-19 19:20:39 - Data truncated for column 'status' at row 1
2026-01-19 19:27:09 - HHH100503: On release of batch it still contained JDBC statements
2026-01-19 19:27:09 - HHH100501: Exception executing batch [java.sql.BatchUpdateException: Data truncated for column 'status' at row 1], SQL: update complaints set assigned_department=?,assigned_to=?,category=?,description=?,escalated=?,escalated_at=?,escalation_level=?,escalation_reason=?,is_anonymous=?,last_updated_at=?,last_updated_by=?,priority=?,reference_number=?,status=?,submitted_at=?,submitted_by=?,title=?,user_id=? where id=?
2026-01-19 19:27:09 - SQL Error: 1265, SQLState: 01000
2026-01-19 19:27:09 - Data truncated for column 'status' at row 1
2026-01-19 19:35:00 - Sent status update email to a93262666@gmail.com referenceNumber=GRV-20260119-90426 status=PENDING
2026-01-19 19:37:51 - Sent status update email to a93262666@gmail.com referenceNumber=GRV-20260119-90426 status=ASSIGNED
2026-01-19 19:37:52 - Sent email to athrv3006@gmail.com subject=New Assignment: GRV-20260119-90426
2026-01-19 19:38:40 - Sent status update email to a93262666@gmail.com referenceNumber=GRV-20260119-90426 status=IN_PROGRESS
2026-01-19 19:40:30 - Sent password reset email to a93262666@gmail.com
2026-01-19 19:41:11 - Password reset successfully for user a93262666@gmail.com
2026-01-19 19:41:48 - Sent status update email to a93262666@gmail.com referenceNumber=GRV-20260119-90426 status=ASSIGNED
2026-01-19 19:41:48 - Sent email to jfillips.org@gmail.com subject=New Assignment: GRV-20260119-90426
2026-01-19 20:09:03 - Starting ResloveitbackendApplication using Java 21.0.7 with PID 920 (D:\D\SpringBootProjects\Resolveit_Project\Backend\resolveitbackend\target\classes started by Ayaka in D:\D\SpringBootProjects\Resolveit_Project)
2026-01-19 20:09:03 - Running with Spring Boot v3.3.4, Spring v6.1.13
2026-01-19 20:09:03 - No active profile set, falling back to 1 default profile: "default"
2026-01-19 20:09:03 - Devtools property defaults active! Set 'spring.devtools.add-properties' to 'false' to disable
2026-01-19 20:09:03 - For additional web related logging consider setting the 'logging.level.web' property to 'DEBUG'
2026-01-19 20:09:05 - Bootstrapping Spring Data JPA repositories in DEFAULT mode.
2026-01-19 20:09:05 - Finished Spring Data repository scanning in 134 ms. Found 7 JPA repository interfaces.
2026-01-19 20:09:06 - Tomcat initialized with port 8080 (http)
2026-01-19 20:09:06 - Starting service [Tomcat]
2026-01-19 20:09:06 - Starting Servlet engine: [Apache Tomcat/10.1.30]
2026-01-19 20:09:06 - Initializing Spring embedded WebApplicationContext
2026-01-19 20:09:06 - Root WebApplicationContext: initialization completed in 2594 ms
2026-01-19 20:09:06 - HHH000204: Processing PersistenceUnitInfo [name: default]
2026-01-19 20:09:06 - HHH000412: Hibernate ORM core version 6.5.3.Final
2026-01-19 20:09:06 - HHH000026: Second-level cache disabled
2026-01-19 20:09:07 - No LoadTimeWeaver setup: ignoring JPA class transformer
2026-01-19 20:09:07 - HikariPool-1 - Starting...
2026-01-19 20:09:07 - HikariPool-1 - Added connection com.mysql.cj.jdbc.ConnectionImpl@226fbab1
2026-01-19 20:09:07 - HikariPool-1 - Start completed.
2026-01-19 20:09:08 - HHH90000025: MySQL8Dialect does not need to be specified explicitly using 'hibernate.dialect' (remove the property setting and it will be selected by default)
2026-01-19 20:09:08 - HHH90000026: MySQL8Dialect has been deprecated; use org.hibernate.dialect.MySQLDialect instead
2026-01-19 20:09:09 - HHH000489: No JTA platform available (set 'hibernate.transaction.jta.platform' to enable JTA platform integration)
2026-01-19 20:09:09 - Initialized JPA EntityManagerFactory for persistence unit 'default'
2026-01-19 20:09:10 - Filter 'jwtAuthFilter' configured for use
2026-01-19 20:09:10 - spring.jpa.open-in-view is enabled by default. Therefore, database queries may be performed during view rendering. Explicitly configure spring.jpa.open-in-view to disable this warning
2026-01-19 20:09:11 - LiveReload server is running on port 35729
2026-01-19 20:09:11 - Tomcat started on port 8080 (http) with context path '/'
2026-01-19 20:09:11 - Started ResloveitbackendApplication in 8.302 seconds (process running for 8.841)
2026-01-19 20:15:28 - Initializing Spring DispatcherServlet 'dispatcherServlet'
2026-01-19 20:15:28 - Initializing Servlet 'dispatcherServlet'
2026-01-19 20:15:28 - Completed initialization in 2 ms
2026-01-19 20:17:43 - HHH100503: On release of batch it still contained JDBC statements
2026-01-19 20:17:43 - HHH100501: Exception executing batch [java.sql.BatchUpdateException: Data truncated for column 'status' at row 1], SQL: update complaints set assigned_department=?,assigned_to=?,category=?,description=?,escalated=?,escalated_at=?,escalation_level=?,escalation_reason=?,is_anonymous=?,last_updated_at=?,last_updated_by=?,priority=?,reference_number=?,status=?,submitted_at=?,submitted_by=?,title=?,user_id=? where id=?
2026-01-19 20:17:43 - SQL Error: 1265, SQLState: 01000
2026-01-19 20:17:43 - Data truncated for column 'status' at row 1
2026-01-19 20:17:45 - Sent status update email to naruhina3010@gmail.com referenceNumber=GRV-20260106-50654 status=RESOLVED
2026-01-19 20:20:04 - Sent status update email to a93262666@gmail.com referenceNumber=GRV-20260119-60180 status=PENDING
2026-01-19 20:22:29 - Sent email to hinata@example.com subject=New Assignment: GRV-20260119-60180
2026-01-19 20:22:29 - Sent status update email to a93262666@gmail.com referenceNumber=GRV-20260119-60180 status=ASSIGNED
2026-01-19 20:23:16 - Sent email to hinata@example.com subject=New Assignment: GRV-20260119-60180
2026-01-19 20:23:16 - Sent status update email to a93262666@gmail.com referenceNumber=GRV-20260119-60180 status=ASSIGNED
2026-01-19 20:24:08 - Starting ResloveitbackendApplication using Java 21.0.7 with PID 4100 (D:\D\SpringBootProjects\Resolveit_Project\Backend\resolveitbackend\target\classes started by Ayaka in D:\D\SpringBootProjects\Resolveit_Project)
2026-01-19 20:24:08 - Running with Spring Boot v3.3.4, Spring v6.1.13
2026-01-19 20:24:08 - No active profile set, falling back to 1 default profile: "default"
2026-01-19 20:24:08 - Devtools property defaults active! Set 'spring.devtools.add-properties' to 'false' to disable
2026-01-19 20:24:08 - For additional web related logging consider setting the 'logging.level.web' property to 'DEBUG'
2026-01-19 20:24:09 - Bootstrapping Spring Data JPA repositories in DEFAULT mode.
2026-01-19 20:24:09 - Finished Spring Data repository scanning in 121 ms. Found 7 JPA repository interfaces.
2026-01-19 20:24:10 - Tomcat initialized with port 8080 (http)
2026-01-19 20:24:10 - Starting service [Tomcat]
2026-01-19 20:24:10 - Starting Servlet engine: [Apache Tomcat/10.1.30]
2026-01-19 20:24:10 - Initializing Spring embedded WebApplicationContext
2026-01-19 20:24:10 - Root WebApplicationContext: initialization completed in 2487 ms
2026-01-19 20:24:10 - HHH000204: Processing PersistenceUnitInfo [name: default]
2026-01-19 20:24:10 - HHH000412: Hibernate ORM core version 6.5.3.Final
2026-01-19 20:24:11 - HHH000026: Second-level cache disabled
2026-01-19 20:24:11 - No LoadTimeWeaver setup: ignoring JPA class transformer
2026-01-19 20:24:11 - HikariPool-1 - Starting...
2026-01-19 20:24:11 - HikariPool-1 - Added connection com.mysql.cj.jdbc.ConnectionImpl@226fbab1
2026-01-19 20:24:11 - HikariPool-1 - Start completed.
2026-01-19 20:24:12 - HHH90000025: MySQL8Dialect does not need to be specified explicitly using 'hibernate.dialect' (remove the property setting and it will be selected by default)
2026-01-19 20:24:12 - HHH90000026: MySQL8Dialect has been deprecated; use org.hibernate.dialect.MySQLDialect instead
2026-01-19 20:24:13 - HHH000489: No JTA platform available (set 'hibernate.transaction.jta.platform' to enable JTA platform integration)
2026-01-19 20:24:13 - Initialized JPA EntityManagerFactory for persistence unit 'default'
2026-01-19 20:24:14 - Filter 'jwtAuthFilter' configured for use
2026-01-19 20:24:14 - spring.jpa.open-in-view is enabled by default. Therefore, database queries may be performed during view rendering. Explicitly configure spring.jpa.open-in-view to disable this warning
2026-01-19 20:24:14 - LiveReload server is running on port 35729
2026-01-19 20:24:15 - Tomcat started on port 8080 (http) with context path '/'
2026-01-19 20:24:15 - Started ResloveitbackendApplication in 7.481 seconds (process running for 7.999)
2026-01-19 20:24:40 - Initializing Spring DispatcherServlet 'dispatcherServlet'
2026-01-19 20:24:40 - Initializing Servlet 'dispatcherServlet'
2026-01-19 20:24:40 - Completed initialization in 6 ms
2026-01-19 20:25:13 - Sent email to athrv3006@gmail.com subject=New Assignment: GRV-20260119-60180
2026-01-19 20:25:13 - Sent status update email to a93262666@gmail.com referenceNumber=GRV-20260119-60180 status=ASSIGNED
